<?xml version="1.0" encoding="UTF-8"?>
<!-- Generated by org.testng.reporters.JUnitReportReporter -->
<testsuite skipped="0" hostname="ANIS" name="cogmentocrmApp.QA.TestCases.CRM_LogInTest" tests="3" failures="0" timestamp="27 Sep 2020 15:35:23 GMT" time="2.111" errors="0">
  <testcase name="logintest" time="2.049" classname="cogmentocrmApp.QA.TestCases.CRM_LogInTest"/>
  <testcase name="verifyUserNameTest" time="0.061" classname="cogmentocrmApp.QA.TestCases.CRM_LogInTest"/>
  <testcase name="logoutuser" time="0.001" classname="cogmentocrmApp.QA.TestCases.CRM_LogInTest"/>
</testsuite> <!-- cogmentocrmApp.QA.TestCases.CRM_LogInTest -->
