<?xml version="1.0" encoding="UTF-8"?>
<!-- Generated by org.testng.reporters.JUnitReportReporter -->
<testsuite skipped="0" hostname="ANIS" name="cogmentocrmApp.QA.TestCases.CRM_ContactsTest" tests="5" failures="0" timestamp="15 Sep 2020 00:29:33 GMT" time="16.133" errors="0">
  <testcase name="fillupContactsForm" time="4.690" classname="cogmentocrmApp.QA.TestCases.CRM_ContactsTest"/>
  <testcase name="fillupContactsForm" time="2.398" classname="cogmentocrmApp.QA.TestCases.CRM_ContactsTest"/>
  <testcase name="fillupContactsForm" time="3.056" classname="cogmentocrmApp.QA.TestCases.CRM_ContactsTest"/>
  <testcase name="fillupContactsForm" time="3.243" classname="cogmentocrmApp.QA.TestCases.CRM_ContactsTest"/>
  <testcase name="fillupContactsForm" time="2.746" classname="cogmentocrmApp.QA.TestCases.CRM_ContactsTest"/>
</testsuite> <!-- cogmentocrmApp.QA.TestCases.CRM_ContactsTest -->
