<?xml version="1.0" encoding="UTF-8"?>
<!-- Generated by org.testng.reporters.JUnitReportReporter -->
<testsuite hostname="ANIS" name="cogmentocrmApp.QA.TestCases.CRM_LogInTest" tests="3" failures="0" timestamp="1 Sep 2020 01:21:23 GMT" time="1.238" errors="0">
  <testcase name="logoutuser" time="0.000" classname="cogmentocrmApp.QA.TestCases.CRM_LogInTest"/>
  <testcase name="verifyUserNameTest" time="0.045" classname="cogmentocrmApp.QA.TestCases.CRM_LogInTest"/>
  <testcase name="logintest" time="1.193" classname="cogmentocrmApp.QA.TestCases.CRM_LogInTest"/>
</testsuite> <!-- cogmentocrmApp.QA.TestCases.CRM_LogInTest -->
