<?xml version="1.0" encoding="UTF-8"?>
<!-- Generated by org.testng.reporters.JUnitReportReporter -->
<testsuite hostname="ANIS" name="cogmentocrmApp.QA.TestCases.CRM_HomePageTest" tests="2" failures="0" timestamp="1 Sep 2020 01:21:23 GMT" time="1.111" errors="0">
  <testcase name="verifyUserNameTest" time="0.673" classname="cogmentocrmApp.QA.TestCases.CRM_HomePageTest"/>
  <testcase name="hometitlepagetest" time="0.438" classname="cogmentocrmApp.QA.TestCases.CRM_HomePageTest"/>
</testsuite> <!-- cogmentocrmApp.QA.TestCases.CRM_HomePageTest -->
