<?xml version="1.0" encoding="UTF-8"?>
<!-- Generated by org.testng.reporters.JUnitReportReporter -->
<testsuite hostname="ANIS" name="cogmentocrmApp.QA.TestCases.CompaniesTest" tests="1" failures="0" timestamp="1 Sep 2020 01:21:23 GMT" time="0.656" errors="0">
  <testcase name="companiesTest" time="0.656" classname="cogmentocrmApp.QA.TestCases.CompaniesTest"/>
</testsuite> <!-- cogmentocrmApp.QA.TestCases.CompaniesTest -->
